0 info it worked if it ends with ok
1 verbose cli [ 'C:\\Program Files\\nodejs\\node.exe',
1 verbose cli   'C:\\Program Files\\nodejs\\node_modules\\npm\\bin\\npm-cli.js',
1 verbose cli   'start' ]
2 info using npm@2.7.6
3 info using node@v0.12.2
4 verbose run-script [ 'prestart', 'start', 'poststart' ]
5 info prestart angulr@2.0.1
6 info start angulr@2.0.1
7 verbose unsafe-perm in lifecycle true
8 info angulr@2.0.1 Failed to exec start script
9 verbose stack Error: angulr@2.0.1 start: `node node_modules/http-server/bin/http-server -o`
9 verbose stack Exit status 1
9 verbose stack     at EventEmitter.<anonymous> (C:\Program Files\nodejs\node_modules\npm\lib\utils\lifecycle.js:213:16)
9 verbose stack     at EventEmitter.emit (events.js:110:17)
9 verbose stack     at ChildProcess.<anonymous> (C:\Program Files\nodejs\node_modules\npm\lib\utils\spawn.js:14:12)
9 verbose stack     at ChildProcess.emit (events.js:110:17)
9 verbose stack     at maybeClose (child_process.js:1015:16)
9 verbose stack     at Process.ChildProcess._handle.onexit (child_process.js:1087:5)
10 verbose pkgid angulr@2.0.1
11 verbose cwd D:\Program Files\apache-tomcat-6.0.14\webapps\RailsInAction-Angular
12 error Windows_NT 6.1.7601
13 error argv "C:\\Program Files\\nodejs\\node.exe" "C:\\Program Files\\nodejs\\node_modules\\npm\\bin\\npm-cli.js" "start"
14 error node v0.12.2
15 error npm  v2.7.6
16 error code ELIFECYCLE
17 error angulr@2.0.1 start: `node node_modules/http-server/bin/http-server -o`
17 error Exit status 1
18 error Failed at the angulr@2.0.1 start script 'node node_modules/http-server/bin/http-server -o'.
18 error This is most likely a problem with the angulr package,
18 error not with npm itself.
18 error Tell the author that this fails on your system:
18 error     node node_modules/http-server/bin/http-server -o
18 error You can get their info via:
18 error     npm owner ls angulr
18 error There is likely additional logging output above.
19 verbose exit [ 1, true ]
